<?xml version="1.0" encoding="UTF-8"?>
<!-- Generated by org.testng.reporters.JUnitXMLReporter -->
<testsuite ignored="0" hostname="DESKTOP-I2GND6G" failures="0" tests="6" name="Surefire test" time="40.414" errors="0" timestamp="2022-10-22T10:25:13 IST">
  <testcase classname="testScripts.Page1Test" name="FillData" time="0.01"/>
  <testcase classname="testScripts.Page1Test" name="demo" time="0.001"/>
  <testcase classname="testScripts.TestDataFromExcel" name="test" time="0.0"/>
  <testcase classname="testScripts.TestDataFromExcel" name="test" time="0.001"/>
  <testcase classname="testScripts.TestDataFromExcel" name="test" time="0.001"/>
  <testcase classname="testScripts.TestDataFromExcel" name="test" time="0.001"/>
</testsuite> <!-- Surefire test -->
