<?xml version="1.0" encoding="UTF-8"?>
<!-- Generated by org.testng.reporters.JUnitXMLReporter -->
<testsuite ignored="0" hostname="PREM" failures="1" tests="1" name="Test" time="0.125" errors="0" timestamp="2022-02-04T10:46:11 IST">
  <testcase classname="TestScripts.TestDataFromExcelToDataProvider" name="test" time="0.0">
    <failure type="org.testng.TestNGException" message="
Some DataProvider public java.lang.Object[][] TestScripts.TestDataFromExcelToDataProvider.getdata(java.lang.String) parameters unresolved:  at 0 type class java.lang.String
">
      <![CDATA[org.testng.TestNGException: 
Some DataProvider public java.lang.Object[][] TestScripts.TestDataFromExcelToDataProvider.getdata(java.lang.String) parameters unresolved:  at 0 type class java.lang.String

at java.base/java.util.ArrayList.forEach(ArrayList.java:1511)
... Removed 25 stack frames]]>
    </failure>
  </testcase> <!-- test -->
</testsuite> <!-- Test -->
