<?xml version="1.0" encoding="UTF-8"?>
<testng-results ignored="0" total="6" passed="6" failed="0" skipped="0">
  <reporter-output>
  </reporter-output>
  <suite started-at="2022-10-22T10:24:33 IST" name="Surefire suite" finished-at="2022-10-22T10:25:13 IST" duration-ms="40414">
    <groups>
    </groups>
    <test started-at="2022-10-22T10:24:33 IST" name="Surefire test" finished-at="2022-10-22T10:25:13 IST" duration-ms="40414">
      <class name="testScripts.Page1Test">
        <test-method is-config="true" signature="SetUp()[pri:0, instance:testScripts.Page1Test@710f4dc7]" started-at="2022-10-22T10:24:33 IST" name="SetUp" finished-at="2022-10-22T10:24:49 IST" duration-ms="16306" status="PASS">
          <reporter-output>
          </reporter-output>
        </test-method> <!-- SetUp -->
        <test-method signature="FillData()[pri:0, instance:testScripts.Page1Test@710f4dc7]" started-at="2022-10-22T10:24:49 IST" name="FillData" finished-at="2022-10-22T10:24:49 IST" duration-ms="10" status="PASS">
          <reporter-output>
          </reporter-output>
        </test-method> <!-- FillData -->
        <test-method is-config="true" signature="tearDown()[pri:0, instance:testScripts.Page1Test@710f4dc7]" started-at="2022-10-22T10:24:49 IST" name="tearDown" finished-at="2022-10-22T10:24:49 IST" duration-ms="400" status="PASS">
          <reporter-output>
          </reporter-output>
        </test-method> <!-- tearDown -->
        <test-method is-config="true" signature="SetUp()[pri:0, instance:testScripts.Page1Test@710f4dc7]" started-at="2022-10-22T10:24:49 IST" name="SetUp" finished-at="2022-10-22T10:25:13 IST" duration-ms="23151" status="PASS">
          <reporter-output>
          </reporter-output>
        </test-method> <!-- SetUp -->
        <test-method signature="demo()[pri:0, instance:testScripts.Page1Test@710f4dc7]" started-at="2022-10-22T10:25:13 IST" name="demo" finished-at="2022-10-22T10:25:13 IST" duration-ms="1" status="PASS">
          <reporter-output>
          </reporter-output>
        </test-method> <!-- demo -->
        <test-method is-config="true" signature="tearDown()[pri:0, instance:testScripts.Page1Test@710f4dc7]" started-at="2022-10-22T10:25:13 IST" name="tearDown" finished-at="2022-10-22T10:25:13 IST" duration-ms="266" status="PASS">
          <reporter-output>
          </reporter-output>
        </test-method> <!-- tearDown -->
      </class> <!-- testScripts.Page1Test -->
      <class name="testScripts.TestDataFromExcel">
        <test-method is-config="true" signature="Setup()[pri:0, instance:testScripts.TestDataFromExcel@394df057]" started-at="2022-10-22T10:25:13 IST" name="Setup" finished-at="2022-10-22T10:25:13 IST" duration-ms="1" status="PASS">
          <reporter-output>
          </reporter-output>
        </test-method> <!-- Setup -->
        <test-method signature="test(java.lang.String)[pri:0, instance:testScripts.TestDataFromExcel@394df057]" started-at="2022-10-22T10:25:13 IST" name="test" data-provider="TestData" finished-at="2022-10-22T10:25:13 IST" duration-ms="0" status="PASS">
          <params>
            <param index="0">
              <value>
                <![CDATA[21 October 2022]]>
              </value>
            </param>
          </params>
          <reporter-output>
          </reporter-output>
        </test-method> <!-- test -->
        <test-method is-config="true" signature="TearDown()[pri:0, instance:testScripts.TestDataFromExcel@394df057]" started-at="2022-10-22T10:25:13 IST" name="TearDown" finished-at="2022-10-22T10:25:13 IST" duration-ms="0" status="PASS">
          <reporter-output>
          </reporter-output>
        </test-method> <!-- TearDown -->
        <test-method signature="test(java.lang.String)[pri:0, instance:testScripts.TestDataFromExcel@394df057]" started-at="2022-10-22T10:25:13 IST" name="test" data-provider="TestData" finished-at="2022-10-22T10:25:13 IST" duration-ms="1" status="PASS">
          <params>
            <param index="0">
              <value>
                <![CDATA[Kumar]]>
              </value>
            </param>
          </params>
          <reporter-output>
          </reporter-output>
        </test-method> <!-- test -->
        <test-method is-config="true" signature="Setup()[pri:0, instance:testScripts.TestDataFromExcel@394df057]" started-at="2022-10-22T10:25:13 IST" name="Setup" finished-at="2022-10-22T10:25:13 IST" duration-ms="0" status="PASS">
          <reporter-output>
          </reporter-output>
        </test-method> <!-- Setup -->
        <test-method is-config="true" signature="TearDown()[pri:0, instance:testScripts.TestDataFromExcel@394df057]" started-at="2022-10-22T10:25:13 IST" name="TearDown" finished-at="2022-10-22T10:25:13 IST" duration-ms="1" status="PASS">
          <reporter-output>
          </reporter-output>
        </test-method> <!-- TearDown -->
        <test-method signature="test(java.lang.String)[pri:0, instance:testScripts.TestDataFromExcel@394df057]" started-at="2022-10-22T10:25:13 IST" name="test" data-provider="TestData" finished-at="2022-10-22T10:25:13 IST" duration-ms="1" status="PASS">
          <params>
            <param index="0">
              <value>
                <![CDATA[Bharat]]>
              </value>
            </param>
          </params>
          <reporter-output>
          </reporter-output>
        </test-method> <!-- test -->
        <test-method is-config="true" signature="Setup()[pri:0, instance:testScripts.TestDataFromExcel@394df057]" started-at="2022-10-22T10:25:13 IST" name="Setup" finished-at="2022-10-22T10:25:13 IST" duration-ms="0" status="PASS">
          <reporter-output>
          </reporter-output>
        </test-method> <!-- Setup -->
        <test-method is-config="true" signature="TearDown()[pri:0, instance:testScripts.TestDataFromExcel@394df057]" started-at="2022-10-22T10:25:13 IST" name="TearDown" finished-at="2022-10-22T10:25:13 IST" duration-ms="1" status="PASS">
          <reporter-output>
          </reporter-output>
        </test-method> <!-- TearDown -->
        <test-method signature="test(java.lang.String)[pri:0, instance:testScripts.TestDataFromExcel@394df057]" started-at="2022-10-22T10:25:13 IST" name="test" data-provider="TestData" finished-at="2022-10-22T10:25:13 IST" duration-ms="1" status="PASS">
          <params>
            <param index="0">
              <value>
                <![CDATA[Bhillare]]>
              </value>
            </param>
          </params>
          <reporter-output>
          </reporter-output>
        </test-method> <!-- test -->
        <test-method is-config="true" signature="Setup()[pri:0, instance:testScripts.TestDataFromExcel@394df057]" started-at="2022-10-22T10:25:13 IST" name="Setup" finished-at="2022-10-22T10:25:13 IST" duration-ms="0" status="PASS">
          <reporter-output>
          </reporter-output>
        </test-method> <!-- Setup -->
        <test-method is-config="true" signature="TearDown()[pri:0, instance:testScripts.TestDataFromExcel@394df057]" started-at="2022-10-22T10:25:13 IST" name="TearDown" finished-at="2022-10-22T10:25:13 IST" duration-ms="0" status="PASS">
          <reporter-output>
          </reporter-output>
        </test-method> <!-- TearDown -->
      </class> <!-- testScripts.TestDataFromExcel -->
    </test> <!-- Surefire test -->
  </suite> <!-- Surefire suite -->
</testng-results>
