<?xml version="1.0" encoding="UTF-8"?>
<testsuite xmlns:xsi="http://www.w3.org/2001/XMLSchema-instance" xsi:noNamespaceSchemaLocation="https://maven.apache.org/surefire/maven-surefire-plugin/xsd/surefire-test-report.xsd" name="TestSuite" time="41.746" tests="6" errors="0" skipped="0" failures="0">
  <properties>
[...]
</properties>
  <testcase name="FillData" classname="testScripts.Page1Test" time="0.014"/>
  <testcase name="demo" classname="testScripts.Page1Test" time="0.001"/>
  <testcase name="test" classname="testScripts.TestDataFromExcel" time="0"/>
  <testcase name="test" classname="testScripts.TestDataFromExcel" time="0.001"/>
  <testcase name="test" classname="testScripts.TestDataFromExcel" time="0"/>
  <testcase name="test" classname="testScripts.TestDataFromExcel" time="0"/>
</testsuite>